c:\git\studywinapi\client\x64\debug\client.pch
c:\git\studywinapi\client\x64\debug\vc143.pdb
c:\git\studywinapi\client\x64\debug\vc143.idb
c:\git\studywinapi\client\x64\debug\ccore.obj
c:\git\studywinapi\client\x64\debug\ckeymgr.obj
c:\git\studywinapi\client\x64\debug\client.obj
c:\git\studywinapi\client\x64\debug\cobject.obj
c:\git\studywinapi\client\x64\debug\cplayer.obj
c:\git\studywinapi\client\x64\debug\cres.obj
c:\git\studywinapi\client\x64\debug\cresourcemgr.obj
c:\git\studywinapi\client\x64\debug\cscene_start.obj
c:\git\studywinapi\client\x64\debug\ctexture.obj
c:\git\studywinapi\client\x64\debug\ctimemgr.obj
c:\git\studywinapi\client\x64\debug\cscene.obj
c:\git\studywinapi\client\x64\debug\cscenemgr.obj
c:\git\studywinapi\client\x64\debug\cpathmgr.obj
c:\git\studywinapi\client\x64\debug\client.ilk
c:\git\studywinapi\output\bin_debug\client.exe
c:\git\studywinapi\output\bin_debug\client.pdb
c:\git\studywinapi\client\x64\debug\client.res
c:\git\studywinapi\client\x64\debug\client.tlog\cl.command.1.tlog
c:\git\studywinapi\client\x64\debug\client.tlog\cl.items.tlog
c:\git\studywinapi\client\x64\debug\client.tlog\cl.read.1.tlog
c:\git\studywinapi\client\x64\debug\client.tlog\cl.write.1.tlog
c:\git\studywinapi\client\x64\debug\client.tlog\link.command.1.tlog
c:\git\studywinapi\client\x64\debug\client.tlog\link.read.1.tlog
c:\git\studywinapi\client\x64\debug\client.tlog\link.write.1.tlog
c:\git\studywinapi\client\x64\debug\client.tlog\rc.command.1.tlog
c:\git\studywinapi\client\x64\debug\client.tlog\rc.read.1.tlog
c:\git\studywinapi\client\x64\debug\client.tlog\rc.write.1.tlog
